<?xml version="1.0" encoding="UTF-8"?>
<testng-results skipped="0" failed="0" ignored="0" total="1" passed="1">
  <reporter-output>
  </reporter-output>
  <suite name="Suite" duration-ms="14476" started-at="2018-07-08T07:10:28Z" finished-at="2018-07-08T07:10:42Z">
    <groups>
    </groups>
    <test name="Test" duration-ms="14476" started-at="2018-07-08T07:10:28Z" finished-at="2018-07-08T07:10:42Z">
      <class name="window.WindowHandleTest">
        <test-method status="PASS" signature="beforeTest()[pri:0, instance:window.WindowHandleTest@2ef9b8bc]" name="beforeTest" is-config="true" duration-ms="3689" started-at="2018-07-08T07:10:28Z" finished-at="2018-07-08T07:10:32Z">
          <reporter-output>
          </reporter-output>
        </test-method> <!-- beforeTest -->
        <test-method status="PASS" signature="windowHandle()[pri:0, instance:window.WindowHandleTest@2ef9b8bc]" name="windowHandle" duration-ms="9792" started-at="2018-07-08T07:10:32Z" finished-at="2018-07-08T07:10:41Z">
          <reporter-output>
          </reporter-output>
        </test-method> <!-- windowHandle -->
        <test-method status="PASS" signature="afterTest()[pri:0, instance:window.WindowHandleTest@2ef9b8bc]" name="afterTest" is-config="true" duration-ms="950" started-at="2018-07-08T07:10:41Z" finished-at="2018-07-08T07:10:42Z">
          <reporter-output>
          </reporter-output>
        </test-method> <!-- afterTest -->
      </class> <!-- window.WindowHandleTest -->
    </test> <!-- Test -->
  </suite> <!-- Suite -->
</testng-results>
